<?xml version="1.0" encoding="UTF-8"?>
<!-- Generated by org.testng.reporters.JUnitReportReporter -->
<testsuite hostname="Z1-471" failures="0" tests="1" name="com.crm.comcast.organizationTest.OrganizationTest" time="0.009" errors="0" timestamp="2022-05-10T17:02:19 IST" skipped="0">
  <testcase classname="com.crm.comcast.organizationTest.OrganizationTest" name="createorgTest" time="0.009"/>
  <system-out/>
</testsuite> <!-- com.crm.comcast.organizationTest.OrganizationTest -->
