<?xml version="1.0" encoding="UTF-8"?>
<!-- Generated by org.testng.reporters.JUnitReportReporter -->
<testsuite hostname="Z1-471" failures="0" tests="3" name="com.crm.comcast.contactsTest.ContactTest" time="0.053" errors="0" timestamp="2022-05-11T17:06:18 IST" skipped="0">
  <testcase classname="com.crm.comcast.contactsTest.ContactTest" name="createcontactTest" time="0.023"/>
  <system-out/>
  <testcase classname="com.crm.comcast.contactsTest.ContactTest" name="editcontactTest" time="0.021"/>
  <system-out/>
  <testcase classname="com.crm.comcast.contactsTest.ContactTest" name="deletecontactTest" time="0.009"/>
  <system-out/>
</testsuite> <!-- com.crm.comcast.contactsTest.ContactTest -->
